<?xml version="1.0" encoding="UTF-8"?>
<!-- Generated by org.testng.reporters.JUnitXMLReporter -->
<testsuite ignored="0" hostname="DESKTOP-I85STP7" failures="0" tests="6" name="Default test" time="1.489" errors="0" timestamp="2023-04-28T23:54:05 ICT">
  <testcase classname="com.api.auto.testcase.TC_API_Login" name="TC01_Validate200Ok" time="0.006"/>
  <testcase classname="com.api.auto.testcase.TC_API_Login" name="TC02_ValidateID" time="0.001"/>
  <testcase classname="com.api.auto.testcase.TC_API_Login" name="TC03_ValidateMessage" time="0.384"/>
  <testcase classname="com.api.auto.testcase.TC_API_Login" name="TC04_ValidateToken" time="0.023"/>
  <testcase classname="com.api.auto.testcase.TC_API_Login" name="TC05_ValidateUserType" time="0.009"/>
  <testcase classname="com.api.auto.testcase.TC_API_Login" name="TC06_ValidateAccount" time="0.018"/>
</testsuite> <!-- Default test -->
